2018-11-30 19:04:04,304 CRIT Supervisor running as root (no user in config file)
2018-11-30 19:04:04,305 INFO Included extra file "/etc/supervisor/conf.d/supervisord.conf" during parsing
2018-11-30 19:04:04,329 INFO RPC interface 'supervisor' initialized
2018-11-30 19:04:04,329 CRIT Server 'unix_http_server' running without any HTTP authentication checking
2018-11-30 19:04:04,329 INFO supervisord started with pid 1
2018-11-30 19:04:05,335 INFO spawned: 'varnishd' with pid 15
2018-11-30 19:04:05,346 INFO spawned: 'php-fpm' with pid 16
2018-11-30 19:04:05,349 INFO spawned: 'varnish-plugins-watcher' with pid 17
2018-11-30 19:04:05,367 INFO spawned: 'nginx' with pid 18
2018-11-30 19:04:05,390 INFO spawned: 'MailHog' with pid 19
2018-11-30 19:04:05,468 INFO spawned: 'mysql' with pid 22
2018-11-30 19:04:05,597 INFO spawned: 'varnish-themes-watcher' with pid 23
2018-11-30 19:04:06,345 INFO success: varnishd entered RUNNING state, process has stayed up for > than 1 seconds (startsecs)
2018-11-30 19:04:06,345 INFO success: php-fpm entered RUNNING state, process has stayed up for > than 1 seconds (startsecs)
2018-11-30 19:04:07,346 INFO success: varnish-plugins-watcher entered RUNNING state, process has stayed up for > than 1 seconds (startsecs)
2018-11-30 19:04:07,348 INFO success: nginx entered RUNNING state, process has stayed up for > than 1 seconds (startsecs)
2018-11-30 19:04:07,348 INFO success: MailHog entered RUNNING state, process has stayed up for > than 1 seconds (startsecs)
2018-11-30 19:04:07,348 INFO success: mysql entered RUNNING state, process has stayed up for > than 1 seconds (startsecs)
2018-11-30 19:04:07,349 INFO success: varnish-themes-watcher entered RUNNING state, process has stayed up for > than 1 seconds (startsecs)
2018-11-30 19:35:32,353 INFO exited: varnishd (exit status 0; expected)
2018-11-30 19:35:33,358 INFO spawned: 'varnishd' with pid 1958
2018-11-30 19:35:34,361 INFO success: varnishd entered RUNNING state, process has stayed up for > than 1 seconds (startsecs)
2018-11-30 19:35:38,268 INFO exited: varnishd (exit status 0; expected)
2018-11-30 19:35:39,275 INFO spawned: 'varnishd' with pid 2196
2018-11-30 19:35:40,277 INFO success: varnishd entered RUNNING state, process has stayed up for > than 1 seconds (startsecs)
2018-11-30 19:35:41,955 INFO exited: varnish-plugins-watcher (terminated by SIGTERM; not expected)
2018-11-30 19:35:41,964 INFO spawned: 'varnish-plugins-watcher' with pid 2424
2018-11-30 19:35:42,169 INFO exited: varnish-themes-watcher (terminated by SIGTERM; not expected)
2018-11-30 19:35:42,177 INFO spawned: 'varnish-themes-watcher' with pid 2429
2018-11-30 19:35:43,189 INFO success: varnish-plugins-watcher entered RUNNING state, process has stayed up for > than 1 seconds (startsecs)
2018-11-30 19:35:43,190 INFO success: varnish-themes-watcher entered RUNNING state, process has stayed up for > than 1 seconds (startsecs)
2018-11-30 19:37:09,213 INFO reaped unknown pid 2580
2018-11-30 19:40:18,956 INFO reaped unknown pid 2741
2018-11-30 19:40:18,959 INFO reaped unknown pid 2744
2018-11-30 19:40:18,965 INFO reaped unknown pid 2747
2018-11-30 19:40:19,001 INFO reaped unknown pid 2750
2018-11-30 19:40:19,027 INFO reaped unknown pid 2753
2018-11-30 19:40:19,066 INFO reaped unknown pid 2756
2018-11-30 19:40:19,109 INFO reaped unknown pid 2759
2018-11-30 19:40:19,146 INFO reaped unknown pid 2762
2018-11-30 19:40:19,172 INFO reaped unknown pid 2766
2018-11-30 19:40:19,194 INFO reaped unknown pid 2770
2018-11-30 19:40:19,211 INFO reaped unknown pid 2773
2018-11-30 19:40:19,233 INFO reaped unknown pid 2776
2018-11-30 19:40:19,263 INFO reaped unknown pid 2779
2018-11-30 19:40:19,285 INFO reaped unknown pid 2782
2018-11-30 19:40:19,308 INFO reaped unknown pid 2785
2018-11-30 19:40:19,359 INFO reaped unknown pid 2788
2018-11-30 19:40:19,369 INFO reaped unknown pid 2791
2018-11-30 19:40:19,385 INFO reaped unknown pid 2794
2018-11-30 19:40:19,414 INFO reaped unknown pid 2798
2018-11-30 19:40:19,444 INFO reaped unknown pid 2802
2018-11-30 19:40:19,465 INFO reaped unknown pid 2805
2018-11-30 19:40:19,494 INFO reaped unknown pid 2808
2018-11-30 19:40:19,505 INFO reaped unknown pid 2811
2018-11-30 19:40:19,531 INFO reaped unknown pid 2814
2018-11-30 19:40:19,558 INFO reaped unknown pid 2817
2018-11-30 19:40:19,581 INFO reaped unknown pid 2820
2018-11-30 19:40:19,599 INFO reaped unknown pid 2823
2018-11-30 19:40:19,626 INFO reaped unknown pid 2826
2018-11-30 19:40:19,662 INFO reaped unknown pid 2829
2018-11-30 19:40:19,698 INFO reaped unknown pid 2832
2018-11-30 19:40:19,756 INFO reaped unknown pid 2835
2018-11-30 19:40:19,782 INFO reaped unknown pid 2838
2018-11-30 19:40:19,817 INFO reaped unknown pid 2841
2018-11-30 19:40:19,871 INFO reaped unknown pid 2844
2018-11-30 19:40:19,939 INFO reaped unknown pid 2847
2018-11-30 19:40:19,975 INFO reaped unknown pid 2850
2018-11-30 19:40:20,031 INFO reaped unknown pid 2853
2018-11-30 19:40:20,082 INFO reaped unknown pid 2856
2018-11-30 19:40:20,093 INFO reaped unknown pid 2859
2018-11-30 19:40:20,102 INFO reaped unknown pid 2862
2018-11-30 19:40:20,146 INFO reaped unknown pid 2865
2018-11-30 19:40:20,167 INFO reaped unknown pid 2868
2018-11-30 19:40:20,190 INFO reaped unknown pid 2871
2018-11-30 19:40:20,206 INFO reaped unknown pid 2874
2018-11-30 19:40:20,218 INFO reaped unknown pid 2877
2018-11-30 19:40:20,258 INFO reaped unknown pid 2880
2018-11-30 19:40:20,267 INFO reaped unknown pid 2883
2018-11-30 19:40:20,285 INFO reaped unknown pid 2886
2018-11-30 19:40:20,296 INFO reaped unknown pid 2889
2018-11-30 19:40:20,321 INFO reaped unknown pid 2892
2018-11-30 19:40:20,336 INFO reaped unknown pid 2895
2018-11-30 19:40:20,346 INFO reaped unknown pid 2898
2018-11-30 19:40:20,352 INFO reaped unknown pid 2901
2018-11-30 19:40:20,366 INFO reaped unknown pid 2904
2018-11-30 19:40:20,379 INFO reaped unknown pid 2907
2018-11-30 19:40:20,389 INFO reaped unknown pid 2910
2018-11-30 19:40:20,407 INFO reaped unknown pid 2913
2018-11-30 19:40:20,416 INFO reaped unknown pid 2916
2018-11-30 19:40:20,426 INFO reaped unknown pid 2919
2018-11-30 19:40:20,441 INFO reaped unknown pid 2922
2018-11-30 19:40:20,450 INFO reaped unknown pid 2925
2018-11-30 19:40:20,460 INFO reaped unknown pid 2928
2018-11-30 19:40:20,476 INFO reaped unknown pid 2931
2018-11-30 19:40:20,489 INFO reaped unknown pid 2934
2018-11-30 19:40:20,501 INFO reaped unknown pid 2937
2018-11-30 19:40:20,513 INFO reaped unknown pid 2940
2018-11-30 19:40:20,523 INFO reaped unknown pid 2943
2018-11-30 19:40:20,531 INFO reaped unknown pid 2946
2018-11-30 19:40:20,542 INFO reaped unknown pid 2949
2018-11-30 19:40:20,547 INFO reaped unknown pid 2952
2018-11-30 19:40:20,552 INFO reaped unknown pid 2955
2018-11-30 19:40:20,564 INFO reaped unknown pid 2958
2018-11-30 19:40:20,577 INFO reaped unknown pid 2961
2018-11-30 19:40:20,586 INFO reaped unknown pid 2964
2018-11-30 19:40:20,595 INFO reaped unknown pid 2967
2018-11-30 19:40:20,605 INFO reaped unknown pid 2970
2018-11-30 19:40:20,615 INFO reaped unknown pid 2973
2018-11-30 19:40:20,626 INFO reaped unknown pid 2976
2018-11-30 19:40:20,636 INFO reaped unknown pid 2979
2018-11-30 19:40:20,644 INFO reaped unknown pid 2982
2018-11-30 19:40:20,652 INFO reaped unknown pid 2985
2018-11-30 19:40:20,665 INFO reaped unknown pid 2988
2018-11-30 19:40:20,675 INFO reaped unknown pid 2991
2018-11-30 19:40:20,684 INFO reaped unknown pid 2994
2018-11-30 19:40:20,695 INFO reaped unknown pid 2997
2018-11-30 19:40:20,711 INFO reaped unknown pid 3000
2018-11-30 19:40:20,720 INFO reaped unknown pid 3003
2018-11-30 19:40:20,739 INFO reaped unknown pid 3006
2018-11-30 19:40:20,749 INFO reaped unknown pid 3009
2018-11-30 19:40:20,761 INFO reaped unknown pid 3012
2018-11-30 19:40:20,770 INFO reaped unknown pid 3015
2018-11-30 19:40:20,782 INFO reaped unknown pid 3018
2018-11-30 19:40:20,792 INFO reaped unknown pid 3021
2018-11-30 19:40:20,800 INFO reaped unknown pid 3024
2018-11-30 19:40:20,806 INFO reaped unknown pid 3027
2018-11-30 19:40:20,816 INFO reaped unknown pid 3030
2018-11-30 19:40:20,826 INFO reaped unknown pid 3033
2018-11-30 19:40:20,836 INFO reaped unknown pid 3036
2018-11-30 19:40:20,848 INFO reaped unknown pid 3039
2018-11-30 19:40:20,856 INFO reaped unknown pid 3042
2018-11-30 19:40:20,866 INFO reaped unknown pid 3045
2018-11-30 19:40:20,886 INFO reaped unknown pid 3048
2018-11-30 19:40:20,913 INFO reaped unknown pid 3051
2018-11-30 19:40:20,924 INFO reaped unknown pid 3054
2018-11-30 19:40:20,944 INFO reaped unknown pid 3057
2018-11-30 19:40:20,966 INFO reaped unknown pid 3060
2018-11-30 19:40:20,982 INFO reaped unknown pid 3063
2018-11-30 19:40:20,995 INFO reaped unknown pid 3066
2018-11-30 19:40:21,015 INFO reaped unknown pid 3069
2018-11-30 19:40:21,029 INFO reaped unknown pid 3072
2018-11-30 19:40:21,039 INFO reaped unknown pid 3075
2018-11-30 19:40:21,051 INFO reaped unknown pid 3078
2018-11-30 19:40:21,062 INFO reaped unknown pid 3081
2018-11-30 19:40:21,070 INFO reaped unknown pid 3084
2018-11-30 19:40:21,078 INFO reaped unknown pid 3087
2018-11-30 19:40:21,086 INFO reaped unknown pid 3090
2018-11-30 19:40:21,096 INFO reaped unknown pid 3093
2018-11-30 19:40:21,117 INFO reaped unknown pid 3096
2018-11-30 19:40:21,126 INFO reaped unknown pid 3099
2018-11-30 19:40:21,137 INFO reaped unknown pid 3102
2018-11-30 19:40:21,145 INFO reaped unknown pid 3105
2018-11-30 19:40:21,155 INFO reaped unknown pid 3108
2018-11-30 19:40:21,166 INFO reaped unknown pid 3111
2018-11-30 19:40:21,181 INFO reaped unknown pid 3114
2018-11-30 19:40:21,199 INFO reaped unknown pid 3117
2018-11-30 19:40:21,217 INFO reaped unknown pid 3120
2018-11-30 19:40:21,232 INFO reaped unknown pid 3123
2018-11-30 19:40:21,241 INFO reaped unknown pid 3126
2018-11-30 19:40:21,251 INFO reaped unknown pid 3129
2018-11-30 19:40:21,262 INFO reaped unknown pid 3132
2018-11-30 19:40:21,274 INFO reaped unknown pid 3135
2018-11-30 19:40:21,292 INFO reaped unknown pid 3138
2018-11-30 19:40:21,314 INFO reaped unknown pid 3141
2018-11-30 19:40:21,328 INFO reaped unknown pid 3144
2018-11-30 19:40:21,343 INFO reaped unknown pid 3147
2018-11-30 19:40:21,348 INFO reaped unknown pid 3150
2018-11-30 19:40:21,356 INFO reaped unknown pid 3153
2018-11-30 19:40:21,373 INFO reaped unknown pid 3156
2018-11-30 19:40:21,383 INFO reaped unknown pid 3159
2018-11-30 19:40:21,398 INFO reaped unknown pid 3162
2018-11-30 19:40:21,413 INFO reaped unknown pid 3165
2018-11-30 19:40:21,424 INFO reaped unknown pid 3168
2018-11-30 19:40:21,435 INFO reaped unknown pid 3171
2018-11-30 19:40:21,450 INFO reaped unknown pid 3174
2018-11-30 19:40:21,465 INFO reaped unknown pid 3177
2018-11-30 19:40:21,475 INFO reaped unknown pid 3180
2018-11-30 19:40:21,481 INFO reaped unknown pid 3183
2018-11-30 19:40:21,497 INFO reaped unknown pid 3186
2018-11-30 19:40:21,507 INFO reaped unknown pid 3189
2018-11-30 19:40:21,519 INFO reaped unknown pid 3192
2018-11-30 19:40:21,526 INFO reaped unknown pid 3195
2018-11-30 19:40:21,537 INFO reaped unknown pid 3198
2018-11-30 19:40:21,547 INFO reaped unknown pid 3201
2018-11-30 19:40:21,556 INFO reaped unknown pid 3204
2018-11-30 19:40:21,570 INFO reaped unknown pid 3207
2018-11-30 19:40:21,579 INFO reaped unknown pid 3210
2018-11-30 19:40:21,589 INFO reaped unknown pid 3213
2018-11-30 19:40:21,605 INFO reaped unknown pid 3216
2018-11-30 19:40:21,615 INFO reaped unknown pid 3219
2018-11-30 19:40:21,626 INFO reaped unknown pid 3222
2018-11-30 19:40:21,640 INFO reaped unknown pid 3225
2018-11-30 19:40:21,651 INFO reaped unknown pid 3228
2018-11-30 19:40:21,662 INFO reaped unknown pid 3231
2018-11-30 19:40:21,670 INFO reaped unknown pid 3234
2018-11-30 19:40:21,675 INFO reaped unknown pid 3237
2018-11-30 19:40:21,685 INFO reaped unknown pid 3240
2018-11-30 19:40:21,696 INFO reaped unknown pid 3243
2018-11-30 19:40:21,712 INFO reaped unknown pid 3246
2018-11-30 19:40:21,725 INFO reaped unknown pid 3249
2018-11-30 19:40:21,733 INFO reaped unknown pid 3252
2018-11-30 19:40:21,743 INFO reaped unknown pid 3255
2018-11-30 19:40:21,749 INFO reaped unknown pid 3258
2018-11-30 19:40:21,758 INFO reaped unknown pid 3261
2018-11-30 19:40:21,775 INFO reaped unknown pid 3264
2018-11-30 19:40:21,781 INFO reaped unknown pid 3267
2018-11-30 19:40:21,788 INFO reaped unknown pid 3270
2018-11-30 19:40:21,805 INFO reaped unknown pid 3273
2018-11-30 19:40:21,813 INFO reaped unknown pid 3276
2018-11-30 19:40:21,822 INFO reaped unknown pid 3279
2018-11-30 19:40:21,839 INFO reaped unknown pid 3282
2018-11-30 19:40:21,852 INFO reaped unknown pid 3285
2018-11-30 19:40:21,863 INFO reaped unknown pid 3288
2018-11-30 19:40:21,873 INFO reaped unknown pid 3291
2018-11-30 19:40:21,882 INFO reaped unknown pid 3294
2018-11-30 19:40:21,898 INFO reaped unknown pid 3297
2018-11-30 19:40:21,907 INFO reaped unknown pid 3300
2018-11-30 19:40:21,924 INFO reaped unknown pid 3303
2018-11-30 19:40:21,934 INFO reaped unknown pid 3306
2018-11-30 19:40:21,942 INFO reaped unknown pid 3309
2018-11-30 19:40:21,972 INFO reaped unknown pid 3312
2018-11-30 19:40:21,993 INFO reaped unknown pid 3315
2018-11-30 19:40:22,083 INFO reaped unknown pid 3318
2018-11-30 19:40:22,097 INFO reaped unknown pid 3321
2018-11-30 19:40:22,109 INFO reaped unknown pid 3324
2018-11-30 19:40:22,135 INFO reaped unknown pid 3327
2018-11-30 19:40:22,148 INFO reaped unknown pid 3330
2018-11-30 19:40:22,166 INFO reaped unknown pid 3333
2018-11-30 19:40:22,177 INFO reaped unknown pid 3336
2018-11-30 19:40:22,185 INFO reaped unknown pid 3339
2018-11-30 19:40:22,199 INFO reaped unknown pid 3342
2018-11-30 19:40:22,205 INFO reaped unknown pid 3345
2018-11-30 19:40:22,211 INFO reaped unknown pid 3348
2018-11-30 19:40:22,217 INFO reaped unknown pid 3351
2018-11-30 19:40:22,224 INFO reaped unknown pid 3354
2018-11-30 19:40:22,230 INFO reaped unknown pid 3357
2018-11-30 19:40:22,237 INFO reaped unknown pid 3360
2018-11-30 19:40:22,241 INFO reaped unknown pid 3363
2018-11-30 19:40:22,246 INFO reaped unknown pid 3366
2018-11-30 19:40:22,251 INFO reaped unknown pid 3369
2018-11-30 19:40:22,257 INFO reaped unknown pid 3372
2018-11-30 19:40:22,264 INFO reaped unknown pid 3375
2018-11-30 19:40:22,270 INFO reaped unknown pid 3378
2018-11-30 19:40:22,274 INFO reaped unknown pid 3381
2018-11-30 19:40:22,280 INFO reaped unknown pid 3384
2018-11-30 19:40:22,285 INFO reaped unknown pid 3387
2018-11-30 19:40:22,292 INFO reaped unknown pid 3390
2018-11-30 19:40:22,298 INFO reaped unknown pid 3393
2018-11-30 19:40:22,302 INFO reaped unknown pid 3396
2018-11-30 19:40:22,309 INFO reaped unknown pid 3399
2018-11-30 19:40:22,312 INFO reaped unknown pid 3402
2018-11-30 19:40:22,319 INFO reaped unknown pid 3405
2018-11-30 19:40:22,324 INFO reaped unknown pid 3408
2018-11-30 19:40:22,329 INFO reaped unknown pid 3411
2018-11-30 19:40:22,334 INFO reaped unknown pid 3414
2018-11-30 19:40:22,341 INFO reaped unknown pid 3417
2018-11-30 19:40:22,347 INFO reaped unknown pid 3420
2018-11-30 19:40:22,354 INFO reaped unknown pid 3423
2018-11-30 19:40:22,359 INFO reaped unknown pid 3426
2018-11-30 19:40:22,364 INFO reaped unknown pid 3429
2018-11-30 19:40:22,370 INFO reaped unknown pid 3432
2018-11-30 19:40:22,375 INFO reaped unknown pid 3435
2018-11-30 19:40:22,384 INFO reaped unknown pid 3438
2018-11-30 19:40:22,387 INFO reaped unknown pid 3441
2018-11-30 19:40:22,393 INFO reaped unknown pid 3444
2018-11-30 19:40:22,399 INFO reaped unknown pid 3447
2018-11-30 19:40:22,405 INFO reaped unknown pid 3450
2018-11-30 19:40:22,410 INFO reaped unknown pid 3453
2018-11-30 19:40:22,415 INFO reaped unknown pid 3456
2018-11-30 19:40:22,421 INFO reaped unknown pid 3459
2018-11-30 19:40:22,427 INFO reaped unknown pid 3462
2018-11-30 19:40:22,433 INFO reaped unknown pid 3465
2018-11-30 19:40:22,438 INFO reaped unknown pid 3468
2018-11-30 19:40:22,444 INFO reaped unknown pid 3471
2018-11-30 19:40:22,450 INFO reaped unknown pid 3474
2018-11-30 19:40:22,455 INFO reaped unknown pid 3477
2018-11-30 19:40:22,462 INFO reaped unknown pid 3480
2018-11-30 19:40:22,466 INFO reaped unknown pid 3483
2018-11-30 19:40:22,473 INFO reaped unknown pid 3486
2018-11-30 19:40:22,479 INFO reaped unknown pid 3489
2018-11-30 19:40:22,484 INFO reaped unknown pid 3492
2018-11-30 19:40:22,491 INFO reaped unknown pid 3495
2018-11-30 19:40:22,497 INFO reaped unknown pid 3498
2018-11-30 19:40:22,502 INFO reaped unknown pid 3501
2018-11-30 19:40:22,508 INFO reaped unknown pid 3504
2018-11-30 19:40:22,514 INFO reaped unknown pid 3507
2018-11-30 19:40:22,519 INFO reaped unknown pid 3510
2018-11-30 19:40:22,526 INFO reaped unknown pid 3513
2018-11-30 19:40:22,530 INFO reaped unknown pid 3516
2018-11-30 19:40:22,537 INFO reaped unknown pid 3519
2018-11-30 19:40:22,542 INFO reaped unknown pid 3522
2018-11-30 19:40:22,548 INFO reaped unknown pid 3525
2018-11-30 19:40:33,444 INFO reaped unknown pid 3540
2018-11-30 19:40:33,451 INFO reaped unknown pid 3543
2018-11-30 19:40:33,460 INFO reaped unknown pid 3546
2018-11-30 19:43:31,937 INFO reaped unknown pid 3700
2018-11-30 19:43:31,967 INFO reaped unknown pid 3703
2018-11-30 19:43:31,993 INFO reaped unknown pid 3706
2018-11-30 19:43:32,010 INFO reaped unknown pid 3709
2018-11-30 19:43:32,052 INFO reaped unknown pid 3712
2018-11-30 19:43:32,073 INFO reaped unknown pid 3715
2018-11-30 19:43:32,092 INFO reaped unknown pid 3718
2018-11-30 19:43:32,125 INFO reaped unknown pid 3721
2018-11-30 19:43:32,147 INFO reaped unknown pid 3724
2018-11-30 19:43:32,157 INFO reaped unknown pid 3727
2018-11-30 19:43:32,167 INFO reaped unknown pid 3730
2018-11-30 19:43:32,178 INFO reaped unknown pid 3733
2018-11-30 19:43:32,185 INFO reaped unknown pid 3736
2018-11-30 19:43:32,195 INFO reaped unknown pid 3739
2018-11-30 19:43:32,204 INFO reaped unknown pid 3742
2018-11-30 19:43:32,212 INFO reaped unknown pid 3745
2018-11-30 19:43:32,225 INFO reaped unknown pid 3748
2018-11-30 19:43:32,234 INFO reaped unknown pid 3751
2018-11-30 19:43:32,245 INFO reaped unknown pid 3754
2018-11-30 19:43:32,252 INFO reaped unknown pid 3757
2018-11-30 19:43:32,259 INFO reaped unknown pid 3760
2018-11-30 19:43:32,266 INFO reaped unknown pid 3763
2018-11-30 19:43:32,286 INFO reaped unknown pid 3766
2018-11-30 19:43:32,305 INFO reaped unknown pid 3769
2018-11-30 19:43:32,313 INFO reaped unknown pid 3772
2018-11-30 19:43:32,322 INFO reaped unknown pid 3775
2018-11-30 19:43:32,326 INFO reaped unknown pid 3778
2018-11-30 19:43:32,339 INFO reaped unknown pid 3781
2018-11-30 19:43:32,347 INFO reaped unknown pid 3784
2018-11-30 19:43:32,356 INFO reaped unknown pid 3787
2018-11-30 19:43:32,366 INFO reaped unknown pid 3790
2018-11-30 19:43:32,380 INFO reaped unknown pid 3793
2018-11-30 19:43:32,387 INFO reaped unknown pid 3796
2018-11-30 19:43:32,394 INFO reaped unknown pid 3799
2018-11-30 19:43:32,406 INFO reaped unknown pid 3802
2018-11-30 19:43:32,416 INFO reaped unknown pid 3805
2018-11-30 19:43:32,427 INFO reaped unknown pid 3808
2018-11-30 19:43:32,438 INFO reaped unknown pid 3811
2018-11-30 19:43:32,446 INFO reaped unknown pid 3814
2018-11-30 19:43:32,460 INFO reaped unknown pid 3817
2018-11-30 19:43:32,467 INFO reaped unknown pid 3820
2018-11-30 19:43:32,481 INFO reaped unknown pid 3823
2018-11-30 19:43:32,488 INFO reaped unknown pid 3826
2018-11-30 19:43:32,497 INFO reaped unknown pid 3829
2018-11-30 19:43:32,506 INFO reaped unknown pid 3832
2018-11-30 19:43:32,519 INFO reaped unknown pid 3835
2018-11-30 19:43:32,526 INFO reaped unknown pid 3838
2018-11-30 19:43:32,540 INFO reaped unknown pid 3841
2018-11-30 19:43:32,549 INFO reaped unknown pid 3844
2018-11-30 19:43:32,558 INFO reaped unknown pid 3847
2018-11-30 19:43:32,566 INFO reaped unknown pid 3850
2018-11-30 19:43:32,581 INFO reaped unknown pid 3853
2018-11-30 19:43:32,582 INFO reaped unknown pid 3855
2018-11-30 19:43:34,398 INFO reaped unknown pid 3861
2018-11-30 19:43:34,430 INFO reaped unknown pid 3864
2018-11-30 19:43:34,451 INFO reaped unknown pid 3867
2018-11-30 19:43:34,510 INFO reaped unknown pid 3870
2018-11-30 19:43:34,533 INFO reaped unknown pid 3873
2018-11-30 19:43:34,584 INFO reaped unknown pid 3878
2018-11-30 19:43:34,610 INFO reaped unknown pid 3881
2018-11-30 19:43:34,633 INFO reaped unknown pid 3884
2018-11-30 19:43:34,684 INFO reaped unknown pid 3887
2018-11-30 19:43:34,724 INFO reaped unknown pid 3890
2018-11-30 19:43:34,747 INFO reaped unknown pid 3893
2018-11-30 19:43:34,778 INFO reaped unknown pid 3896
2018-11-30 19:43:34,808 INFO reaped unknown pid 3899
2018-11-30 19:43:34,841 INFO reaped unknown pid 3902
2018-11-30 19:43:34,862 INFO reaped unknown pid 3905
2018-11-30 19:43:34,894 INFO reaped unknown pid 3908
2018-11-30 19:43:34,937 INFO reaped unknown pid 3911
2018-11-30 19:43:34,974 INFO reaped unknown pid 3914
2018-11-30 19:43:35,006 INFO reaped unknown pid 3917
2018-11-30 19:43:35,043 INFO reaped unknown pid 3920
2018-11-30 19:43:35,083 INFO reaped unknown pid 3923
2018-11-30 19:43:35,118 INFO reaped unknown pid 3926
2018-11-30 19:43:35,139 INFO reaped unknown pid 3929
2018-11-30 19:43:35,166 INFO reaped unknown pid 3932
2018-11-30 19:43:35,186 INFO reaped unknown pid 3935
2018-11-30 19:43:35,195 INFO reaped unknown pid 3938
2018-11-30 19:43:35,204 INFO reaped unknown pid 3941
2018-11-30 19:43:35,214 INFO reaped unknown pid 3944
2018-11-30 19:43:35,222 INFO reaped unknown pid 3947
2018-11-30 19:43:35,231 INFO reaped unknown pid 3950
2018-11-30 19:43:35,237 INFO reaped unknown pid 3953
2018-11-30 19:43:35,244 INFO reaped unknown pid 3956
2018-11-30 19:43:35,252 INFO reaped unknown pid 3959
2018-11-30 19:43:35,263 INFO reaped unknown pid 3962
2018-11-30 19:43:35,269 INFO reaped unknown pid 3965
2018-11-30 19:43:35,276 INFO reaped unknown pid 3968
2018-11-30 19:43:35,285 INFO reaped unknown pid 3971
2018-11-30 19:43:35,295 INFO reaped unknown pid 3974
2018-11-30 19:43:35,301 INFO reaped unknown pid 3977
2018-11-30 19:43:35,315 INFO reaped unknown pid 3980
2018-11-30 19:43:35,326 INFO reaped unknown pid 3983
2018-11-30 19:43:35,336 INFO reaped unknown pid 3986
2018-11-30 19:43:35,344 INFO reaped unknown pid 3989
2018-11-30 19:43:35,350 INFO reaped unknown pid 3992
2018-11-30 19:43:35,357 INFO reaped unknown pid 3995
2018-11-30 19:43:35,366 INFO reaped unknown pid 3998
2018-11-30 19:43:35,372 INFO reaped unknown pid 4001
2018-11-30 19:43:35,378 INFO reaped unknown pid 4004
2018-11-30 19:43:35,385 INFO reaped unknown pid 4007
2018-11-30 19:43:35,395 INFO reaped unknown pid 4010
2018-11-30 19:43:35,402 INFO reaped unknown pid 4013
2018-11-30 19:43:35,411 INFO reaped unknown pid 4016
2018-11-30 19:43:35,417 INFO reaped unknown pid 4019
2018-11-30 19:43:35,425 INFO reaped unknown pid 4022
2018-11-30 19:43:35,432 INFO reaped unknown pid 4025
2018-11-30 19:43:35,440 INFO reaped unknown pid 4028
2018-11-30 19:43:35,445 INFO reaped unknown pid 4031
2018-11-30 19:43:35,452 INFO reaped unknown pid 4034
2018-11-30 19:43:35,463 INFO reaped unknown pid 4037
2018-11-30 19:43:35,474 INFO reaped unknown pid 4040
2018-11-30 19:43:35,480 INFO reaped unknown pid 4043
2018-11-30 19:43:35,485 INFO reaped unknown pid 4046
2018-11-30 19:43:35,496 INFO reaped unknown pid 4049
2018-11-30 19:43:35,505 INFO reaped unknown pid 4052
2018-11-30 19:43:35,514 INFO reaped unknown pid 4055
2018-11-30 19:43:35,525 INFO reaped unknown pid 4058
2018-11-30 19:43:35,533 INFO reaped unknown pid 4061
2018-11-30 19:43:35,539 INFO reaped unknown pid 4064
2018-11-30 19:43:35,545 INFO reaped unknown pid 4067
2018-11-30 19:43:35,551 INFO reaped unknown pid 4070
2018-11-30 19:43:35,561 INFO reaped unknown pid 4073
2018-11-30 19:43:35,567 INFO reaped unknown pid 4076
2018-11-30 19:43:35,574 INFO reaped unknown pid 4079
2018-11-30 19:43:35,581 INFO reaped unknown pid 4082
2018-11-30 19:43:35,590 INFO reaped unknown pid 4085
2018-11-30 19:43:35,600 INFO reaped unknown pid 4088
2018-11-30 19:43:35,606 INFO reaped unknown pid 4091
2018-11-30 19:43:35,612 INFO reaped unknown pid 4094
2018-11-30 19:43:35,618 INFO reaped unknown pid 4097
2018-11-30 19:43:35,626 INFO reaped unknown pid 4100
2018-11-30 19:43:35,634 INFO reaped unknown pid 4103
2018-11-30 19:43:35,641 INFO reaped unknown pid 4106
2018-11-30 19:43:35,647 INFO reaped unknown pid 4109
2018-11-30 19:43:35,652 INFO reaped unknown pid 4112
2018-11-30 19:43:35,663 INFO reaped unknown pid 4115
2018-11-30 19:43:35,675 INFO reaped unknown pid 4118
2018-11-30 19:43:35,682 INFO reaped unknown pid 4121
2018-11-30 19:43:35,689 INFO reaped unknown pid 4124
2018-11-30 19:43:35,699 INFO reaped unknown pid 4127
2018-11-30 19:43:35,706 INFO reaped unknown pid 4130
2018-11-30 19:43:35,712 INFO reaped unknown pid 4133
2018-11-30 19:43:35,718 INFO reaped unknown pid 4136
2018-11-30 19:43:35,729 INFO reaped unknown pid 4139
2018-11-30 19:43:35,743 INFO reaped unknown pid 4142
2018-11-30 19:43:35,749 INFO reaped unknown pid 4145
2018-11-30 19:43:35,756 INFO reaped unknown pid 4148
2018-11-30 19:43:35,767 INFO reaped unknown pid 4151
2018-11-30 19:43:35,775 INFO reaped unknown pid 4154
2018-11-30 19:43:35,781 INFO reaped unknown pid 4157
2018-11-30 19:43:35,788 INFO reaped unknown pid 4160
2018-11-30 19:43:35,796 INFO reaped unknown pid 4163
2018-11-30 19:43:35,805 INFO reaped unknown pid 4166
2018-11-30 19:43:35,812 INFO reaped unknown pid 4169
2018-11-30 19:43:35,818 INFO reaped unknown pid 4172
2018-11-30 19:43:35,826 INFO reaped unknown pid 4175
2018-11-30 19:43:35,837 INFO reaped unknown pid 4178
2018-11-30 19:43:35,844 INFO reaped unknown pid 4181
2018-11-30 19:43:35,850 INFO reaped unknown pid 4184
2018-11-30 19:43:35,857 INFO reaped unknown pid 4187
2018-11-30 19:43:35,876 INFO reaped unknown pid 4190
2018-11-30 19:43:35,886 INFO reaped unknown pid 4193
2018-11-30 19:43:35,895 INFO reaped unknown pid 4196
2018-11-30 19:43:35,905 INFO reaped unknown pid 4199
2018-11-30 19:43:35,912 INFO reaped unknown pid 4202
2018-11-30 19:43:35,917 INFO reaped unknown pid 4205
2018-11-30 19:43:35,926 INFO reaped unknown pid 4208
2018-11-30 19:43:35,933 INFO reaped unknown pid 4211
2018-11-30 19:43:35,939 INFO reaped unknown pid 4214
2018-11-30 19:43:35,945 INFO reaped unknown pid 4217
2018-11-30 19:43:35,952 INFO reaped unknown pid 4220
2018-11-30 19:43:35,962 INFO reaped unknown pid 4223
2018-11-30 19:43:35,968 INFO reaped unknown pid 4226
2018-11-30 19:43:35,975 INFO reaped unknown pid 4229
2018-11-30 19:43:35,982 INFO reaped unknown pid 4232
2018-11-30 19:43:35,991 INFO reaped unknown pid 4235
2018-11-30 19:43:36,000 INFO reaped unknown pid 4238
2018-11-30 19:43:36,007 INFO reaped unknown pid 4241
2018-11-30 19:43:36,014 INFO reaped unknown pid 4244
2018-11-30 19:43:36,021 INFO reaped unknown pid 4247
2018-11-30 19:43:36,031 INFO reaped unknown pid 4250
2018-11-30 19:43:36,037 INFO reaped unknown pid 4253
2018-11-30 19:43:36,043 INFO reaped unknown pid 4256
2018-11-30 19:43:36,053 INFO reaped unknown pid 4259
2018-11-30 19:43:36,064 INFO reaped unknown pid 4262
2018-11-30 19:43:36,072 INFO reaped unknown pid 4265
2018-11-30 19:43:36,082 INFO reaped unknown pid 4268
2018-11-30 19:43:36,094 INFO reaped unknown pid 4271
2018-11-30 19:43:36,110 INFO reaped unknown pid 4274
2018-11-30 19:43:36,115 INFO reaped unknown pid 4277
2018-11-30 19:43:36,126 INFO reaped unknown pid 4280
2018-11-30 19:43:36,144 INFO reaped unknown pid 4283
2018-11-30 19:43:36,151 INFO reaped unknown pid 4286
2018-11-30 19:43:36,163 INFO reaped unknown pid 4289
2018-11-30 19:43:36,171 INFO reaped unknown pid 4292
2018-11-30 19:43:36,180 INFO reaped unknown pid 4295
2018-11-30 19:43:36,185 INFO reaped unknown pid 4298
2018-11-30 19:43:36,196 INFO reaped unknown pid 4301
2018-11-30 19:43:36,210 INFO reaped unknown pid 4304
2018-11-30 19:43:36,217 INFO reaped unknown pid 4307
2018-11-30 19:43:36,227 INFO reaped unknown pid 4310
2018-11-30 19:43:36,233 INFO reaped unknown pid 4313
2018-11-30 19:43:36,240 INFO reaped unknown pid 4316
2018-11-30 19:43:36,245 INFO reaped unknown pid 4319
2018-11-30 19:43:36,256 INFO reaped unknown pid 4322
2018-11-30 19:43:36,265 INFO reaped unknown pid 4325
2018-11-30 19:43:36,270 INFO reaped unknown pid 4328
2018-11-30 19:43:36,281 INFO reaped unknown pid 4331
2018-11-30 19:43:36,292 INFO reaped unknown pid 4334
2018-11-30 19:43:36,299 INFO reaped unknown pid 4337
2018-11-30 19:43:36,306 INFO reaped unknown pid 4340
2018-11-30 19:43:36,314 INFO reaped unknown pid 4343
2018-11-30 19:43:36,321 INFO reaped unknown pid 4346
2018-11-30 19:43:36,330 INFO reaped unknown pid 4349
2018-11-30 19:43:36,336 INFO reaped unknown pid 4352
2018-11-30 19:43:36,344 INFO reaped unknown pid 4355
2018-11-30 19:43:36,352 INFO reaped unknown pid 4358
2018-11-30 19:43:36,361 INFO reaped unknown pid 4361
2018-11-30 19:43:36,367 INFO reaped unknown pid 4364
2018-11-30 19:43:36,375 INFO reaped unknown pid 4367
2018-11-30 19:43:36,381 INFO reaped unknown pid 4370
2018-11-30 19:43:36,388 INFO reaped unknown pid 4373
2018-11-30 19:43:36,395 INFO reaped unknown pid 4376
2018-11-30 19:43:36,404 INFO reaped unknown pid 4379
2018-11-30 19:43:36,419 INFO reaped unknown pid 4382
2018-11-30 19:43:36,427 INFO reaped unknown pid 4385
2018-11-30 19:43:36,437 INFO reaped unknown pid 4388
2018-11-30 19:43:36,443 INFO reaped unknown pid 4391
2018-11-30 19:43:36,453 INFO reaped unknown pid 4394
2018-11-30 19:43:36,459 INFO reaped unknown pid 4397
2018-11-30 19:43:36,469 INFO reaped unknown pid 4400
2018-11-30 19:43:36,476 INFO reaped unknown pid 4403
2018-11-30 19:43:36,482 INFO reaped unknown pid 4406
2018-11-30 19:43:36,488 INFO reaped unknown pid 4409
2018-11-30 19:43:36,503 INFO reaped unknown pid 4412
2018-11-30 19:43:36,512 INFO reaped unknown pid 4415
2018-11-30 19:43:36,519 INFO reaped unknown pid 4418
2018-11-30 19:43:36,532 INFO reaped unknown pid 4421
2018-11-30 19:43:36,539 INFO reaped unknown pid 4424
2018-11-30 19:43:36,546 INFO reaped unknown pid 4427
2018-11-30 19:43:36,554 INFO reaped unknown pid 4430
2018-11-30 19:43:36,563 INFO reaped unknown pid 4433
2018-11-30 19:43:36,569 INFO reaped unknown pid 4436
2018-11-30 19:43:36,576 INFO reaped unknown pid 4439
2018-11-30 19:43:36,582 INFO reaped unknown pid 4442
2018-11-30 19:43:36,591 INFO reaped unknown pid 4445
2018-11-30 19:43:36,599 INFO reaped unknown pid 4448
2018-11-30 19:43:36,613 INFO reaped unknown pid 4451
2018-11-30 19:45:05,096 INFO reaped unknown pid 4531
2018-11-30 19:45:05,112 INFO reaped unknown pid 4534
2018-11-30 19:45:05,127 INFO reaped unknown pid 4537
2018-11-30 19:58:10,019 INFO reaped unknown pid 5182
2018-11-30 19:58:10,034 INFO reaped unknown pid 5185
2018-11-30 19:58:10,051 INFO reaped unknown pid 5188
2018-11-30 19:58:10,067 INFO reaped unknown pid 5191
2018-11-30 19:58:10,095 INFO reaped unknown pid 5194
2018-11-30 19:58:10,104 INFO reaped unknown pid 5197
2018-11-30 19:58:10,131 INFO reaped unknown pid 5200
2018-11-30 19:58:10,157 INFO reaped unknown pid 5205
2018-11-30 19:58:10,178 INFO reaped unknown pid 5208
2018-11-30 19:58:10,202 INFO reaped unknown pid 5211
2018-11-30 19:58:10,225 INFO reaped unknown pid 5214
2018-11-30 19:58:10,247 INFO reaped unknown pid 5217
2018-11-30 19:58:10,274 INFO reaped unknown pid 5220
2018-11-30 19:58:10,290 INFO reaped unknown pid 5223
2018-11-30 19:58:10,323 INFO reaped unknown pid 5226
2018-11-30 19:58:10,338 INFO reaped unknown pid 5229
2018-11-30 19:58:10,373 INFO reaped unknown pid 5232
2018-11-30 19:58:10,395 INFO reaped unknown pid 5235
2018-11-30 19:58:10,416 INFO reaped unknown pid 5238
2018-11-30 19:58:10,436 INFO reaped unknown pid 5241
2018-11-30 19:58:10,463 INFO reaped unknown pid 5244
2018-11-30 19:58:10,489 INFO reaped unknown pid 5247
2018-11-30 19:58:10,508 INFO reaped unknown pid 5250
2018-11-30 19:58:10,535 INFO reaped unknown pid 5253
2018-11-30 19:58:10,569 INFO reaped unknown pid 5256
2018-11-30 19:58:10,591 INFO reaped unknown pid 5259
2018-11-30 19:58:10,618 INFO reaped unknown pid 5262
2018-11-30 19:58:10,640 INFO reaped unknown pid 5265
2018-11-30 19:58:10,673 INFO reaped unknown pid 5268
2018-11-30 19:58:10,704 INFO reaped unknown pid 5271
2018-11-30 19:58:10,710 INFO reaped unknown pid 5274
2018-11-30 19:58:10,724 INFO reaped unknown pid 5277
2018-11-30 19:58:10,755 INFO reaped unknown pid 5280
2018-11-30 19:58:10,800 INFO reaped unknown pid 5283
2018-11-30 19:58:10,827 INFO reaped unknown pid 5286
2018-11-30 19:58:10,857 INFO reaped unknown pid 5289
2018-11-30 19:58:10,906 INFO reaped unknown pid 5292
2018-11-30 19:58:10,950 INFO reaped unknown pid 5295
2018-11-30 19:58:10,991 INFO reaped unknown pid 5298
2018-11-30 19:58:11,063 INFO reaped unknown pid 5301
2018-11-30 19:58:11,130 INFO reaped unknown pid 5304
2018-11-30 19:58:11,162 INFO reaped unknown pid 5307
2018-11-30 19:58:11,186 INFO reaped unknown pid 5310
2018-11-30 19:58:11,215 INFO reaped unknown pid 5313
2018-11-30 19:58:11,242 INFO reaped unknown pid 5316
2018-11-30 19:58:11,258 INFO reaped unknown pid 5319
2018-11-30 19:58:11,300 INFO reaped unknown pid 5322
2018-11-30 19:58:11,330 INFO reaped unknown pid 5325
2018-11-30 19:58:11,351 INFO reaped unknown pid 5328
2018-11-30 19:58:11,361 INFO reaped unknown pid 5331
2018-11-30 19:58:11,389 INFO reaped unknown pid 5334
2018-11-30 19:58:11,406 INFO reaped unknown pid 5337
2018-11-30 19:58:11,436 INFO reaped unknown pid 5340
2018-11-30 19:58:11,462 INFO reaped unknown pid 5343
2018-11-30 19:58:11,478 INFO reaped unknown pid 5346
2018-11-30 19:58:11,505 INFO reaped unknown pid 5349
2018-11-30 19:58:11,525 INFO reaped unknown pid 5352
2018-11-30 19:58:11,545 INFO reaped unknown pid 5355
2018-11-30 19:58:11,578 INFO reaped unknown pid 5358
2018-11-30 19:58:11,605 INFO reaped unknown pid 5361
2018-11-30 19:58:11,622 INFO reaped unknown pid 5364
2018-11-30 19:58:11,639 INFO reaped unknown pid 5367
2018-11-30 19:58:11,664 INFO reaped unknown pid 5370
2018-11-30 19:58:11,690 INFO reaped unknown pid 5373
2018-11-30 19:58:11,725 INFO reaped unknown pid 5376
2018-11-30 19:58:11,743 INFO reaped unknown pid 5379
2018-11-30 19:58:11,765 INFO reaped unknown pid 5382
2018-11-30 19:58:11,800 INFO reaped unknown pid 5385
2018-11-30 19:58:11,837 INFO reaped unknown pid 5388
2018-11-30 19:58:11,858 INFO reaped unknown pid 5391
2018-11-30 19:58:11,906 INFO reaped unknown pid 5394
2018-11-30 19:58:11,918 INFO reaped unknown pid 5397
2018-11-30 19:58:11,958 INFO reaped unknown pid 5400
2018-11-30 19:58:11,994 INFO reaped unknown pid 5403
2018-11-30 19:58:12,010 INFO reaped unknown pid 5406
2018-11-30 19:58:12,034 INFO reaped unknown pid 5409
2018-11-30 19:58:12,064 INFO reaped unknown pid 5412
2018-11-30 19:58:12,107 INFO reaped unknown pid 5415
2018-11-30 19:58:12,130 INFO reaped unknown pid 5418
2018-11-30 19:58:12,198 INFO reaped unknown pid 5421
2018-11-30 19:58:12,231 INFO reaped unknown pid 5424
2018-11-30 19:58:12,268 INFO reaped unknown pid 5427
2018-11-30 19:58:12,297 INFO reaped unknown pid 5430
2018-11-30 19:58:12,319 INFO reaped unknown pid 5433
2018-11-30 19:58:12,343 INFO reaped unknown pid 5436
2018-11-30 19:58:12,377 INFO reaped unknown pid 5439
2018-11-30 19:58:12,407 INFO reaped unknown pid 5442
2018-11-30 19:58:12,458 INFO reaped unknown pid 5445
2018-11-30 19:58:12,502 INFO reaped unknown pid 5448
2018-11-30 19:58:12,525 INFO reaped unknown pid 5451
2018-11-30 19:58:12,556 INFO reaped unknown pid 5454
2018-11-30 19:58:12,598 INFO reaped unknown pid 5457
2018-11-30 19:58:12,635 INFO reaped unknown pid 5460
2018-11-30 19:58:12,684 INFO reaped unknown pid 5463
2018-11-30 19:58:12,729 INFO reaped unknown pid 5466
2018-11-30 19:58:12,739 INFO reaped unknown pid 5469
2018-11-30 19:58:12,773 INFO reaped unknown pid 5472
2018-11-30 19:58:12,801 INFO reaped unknown pid 5475
2018-11-30 19:58:12,824 INFO reaped unknown pid 5478
2018-11-30 19:58:12,839 INFO reaped unknown pid 5481
2018-11-30 19:58:12,863 INFO reaped unknown pid 5484
2018-11-30 19:58:12,882 INFO reaped unknown pid 5487
2018-11-30 19:58:12,911 INFO reaped unknown pid 5490
2018-11-30 19:58:12,946 INFO reaped unknown pid 5493
2018-11-30 19:58:12,958 INFO reaped unknown pid 5496
2018-11-30 19:58:12,970 INFO reaped unknown pid 5499
2018-11-30 19:58:12,974 INFO reaped unknown pid 5502
2018-11-30 19:58:12,981 INFO reaped unknown pid 5505
2018-11-30 19:58:12,991 INFO reaped unknown pid 5508
2018-11-30 19:58:13,003 INFO reaped unknown pid 5511
2018-11-30 19:58:13,017 INFO reaped unknown pid 5514
2018-11-30 19:58:13,025 INFO reaped unknown pid 5517
2018-11-30 19:58:13,036 INFO reaped unknown pid 5520
2018-11-30 19:58:13,044 INFO reaped unknown pid 5523
2018-11-30 19:58:13,051 INFO reaped unknown pid 5526
2018-11-30 19:58:13,059 INFO reaped unknown pid 5529
2018-11-30 19:58:13,066 INFO reaped unknown pid 5532
2018-11-30 19:58:13,075 INFO reaped unknown pid 5535
2018-11-30 19:58:13,088 INFO reaped unknown pid 5538
2018-11-30 19:58:13,100 INFO reaped unknown pid 5541
2018-11-30 19:58:13,106 INFO reaped unknown pid 5544
2018-11-30 19:58:13,112 INFO reaped unknown pid 5547
2018-11-30 19:58:13,121 INFO reaped unknown pid 5550
2018-11-30 19:58:13,129 INFO reaped unknown pid 5553
2018-11-30 19:58:13,135 INFO reaped unknown pid 5556
2018-11-30 19:58:13,142 INFO reaped unknown pid 5559
2018-11-30 19:58:13,149 INFO reaped unknown pid 5562
2018-11-30 19:58:13,156 INFO reaped unknown pid 5565
2018-11-30 19:58:13,165 INFO reaped unknown pid 5568
2018-11-30 19:58:13,171 INFO reaped unknown pid 5571
2018-11-30 19:58:13,178 INFO reaped unknown pid 5574
2018-11-30 19:58:13,189 INFO reaped unknown pid 5577
2018-11-30 19:58:13,205 INFO reaped unknown pid 5580
2018-11-30 19:58:13,207 INFO reaped unknown pid 5583
2018-11-30 19:58:13,215 INFO reaped unknown pid 5586
2018-11-30 19:58:13,224 INFO reaped unknown pid 5589
2018-11-30 19:58:13,235 INFO reaped unknown pid 5592
2018-11-30 19:58:13,241 INFO reaped unknown pid 5595
2018-11-30 19:58:13,252 INFO reaped unknown pid 5598
2018-11-30 19:58:13,265 INFO reaped unknown pid 5601
2018-11-30 19:58:13,275 INFO reaped unknown pid 5604
2018-11-30 19:58:13,279 INFO reaped unknown pid 5607
2018-11-30 19:58:13,285 INFO reaped unknown pid 5610
2018-11-30 19:58:13,299 INFO reaped unknown pid 5613
2018-11-30 19:58:13,304 INFO reaped unknown pid 5616
2018-11-30 19:58:13,311 INFO reaped unknown pid 5619
2018-11-30 19:58:13,318 INFO reaped unknown pid 5622
2018-11-30 19:58:13,326 INFO reaped unknown pid 5625
2018-11-30 19:58:13,335 INFO reaped unknown pid 5628
2018-11-30 19:58:13,345 INFO reaped unknown pid 5631
2018-11-30 19:58:13,351 INFO reaped unknown pid 5634
2018-11-30 19:58:13,360 INFO reaped unknown pid 5637
2018-11-30 19:58:13,371 INFO reaped unknown pid 5640
2018-11-30 19:58:13,375 INFO reaped unknown pid 5643
2018-11-30 19:58:13,381 INFO reaped unknown pid 5646
2018-11-30 19:58:13,391 INFO reaped unknown pid 5649
2018-11-30 19:58:13,401 INFO reaped unknown pid 5652
2018-11-30 19:58:13,411 INFO reaped unknown pid 5655
2018-11-30 19:58:13,419 INFO reaped unknown pid 5658
2018-11-30 19:58:13,430 INFO reaped unknown pid 5661
2018-11-30 19:58:13,435 INFO reaped unknown pid 5664
2018-11-30 19:58:13,444 INFO reaped unknown pid 5667
2018-11-30 19:58:13,451 INFO reaped unknown pid 5670
2018-11-30 19:58:13,465 INFO reaped unknown pid 5673
2018-11-30 19:58:13,471 INFO reaped unknown pid 5676
2018-11-30 19:58:13,475 INFO reaped unknown pid 5679
2018-11-30 19:58:13,484 INFO reaped unknown pid 5682
2018-11-30 19:58:13,503 INFO reaped unknown pid 5685
2018-11-30 19:58:13,511 INFO reaped unknown pid 5688
2018-11-30 19:58:13,518 INFO reaped unknown pid 5691
2018-11-30 19:58:13,531 INFO reaped unknown pid 5694
2018-11-30 19:58:13,536 INFO reaped unknown pid 5697
2018-11-30 19:58:13,541 INFO reaped unknown pid 5700
2018-11-30 19:58:13,550 INFO reaped unknown pid 5703
2018-11-30 19:58:13,561 INFO reaped unknown pid 5706
2018-11-30 19:58:13,568 INFO reaped unknown pid 5709
2018-11-30 19:58:13,575 INFO reaped unknown pid 5712
2018-11-30 19:58:13,581 INFO reaped unknown pid 5715
2018-11-30 19:58:13,592 INFO reaped unknown pid 5718
2018-11-30 19:58:13,601 INFO reaped unknown pid 5721
2018-11-30 19:58:13,610 INFO reaped unknown pid 5724
2018-11-30 19:58:13,618 INFO reaped unknown pid 5727
2018-11-30 19:58:13,626 INFO reaped unknown pid 5730
2018-11-30 19:58:13,633 INFO reaped unknown pid 5733
2018-11-30 19:58:13,651 INFO reaped unknown pid 5736
2018-11-30 19:58:13,661 INFO reaped unknown pid 5739
2018-11-30 19:58:13,672 INFO reaped unknown pid 5742
2018-11-30 19:58:13,679 INFO reaped unknown pid 5745
2018-11-30 19:58:13,690 INFO reaped unknown pid 5748
2018-11-30 19:58:13,701 INFO reaped unknown pid 5751
2018-11-30 19:58:13,708 INFO reaped unknown pid 5754
2018-11-30 19:58:13,714 INFO reaped unknown pid 5757
2018-11-30 19:58:13,722 INFO reaped unknown pid 5760
2018-11-30 19:58:13,732 INFO reaped unknown pid 5763
2018-11-30 19:58:13,739 INFO reaped unknown pid 5766
2018-11-30 19:58:13,749 INFO reaped unknown pid 5769
2018-11-30 19:58:13,759 INFO reaped unknown pid 5772
2018-11-30 19:58:13,766 INFO reaped unknown pid 5775
2018-11-30 19:58:13,772 INFO reaped unknown pid 5778
2018-11-30 19:58:13,777 INFO reaped unknown pid 5781
2018-11-30 19:58:13,791 INFO reaped unknown pid 5784
2018-11-30 19:58:13,796 INFO reaped unknown pid 5787
2018-11-30 19:58:13,805 INFO reaped unknown pid 5790
2018-11-30 19:58:13,811 INFO reaped unknown pid 5793
2018-11-30 19:58:13,818 INFO reaped unknown pid 5796
2018-11-30 19:58:13,826 INFO reaped unknown pid 5799
2018-11-30 19:58:13,835 INFO reaped unknown pid 5802
2018-11-30 19:58:13,841 INFO reaped unknown pid 5805
2018-11-30 19:58:13,847 INFO reaped unknown pid 5808
2018-11-30 19:58:13,856 INFO reaped unknown pid 5811
2018-11-30 19:58:13,865 INFO reaped unknown pid 5814
2018-11-30 19:58:13,871 INFO reaped unknown pid 5817
2018-11-30 19:58:13,877 INFO reaped unknown pid 5820
2018-11-30 19:58:13,884 INFO reaped unknown pid 5823
2018-11-30 19:58:13,894 INFO reaped unknown pid 5826
2018-11-30 19:58:13,901 INFO reaped unknown pid 5829
2018-11-30 19:58:13,905 INFO reaped unknown pid 5832
2018-11-30 19:58:13,913 INFO reaped unknown pid 5835
2018-11-30 19:58:13,922 INFO reaped unknown pid 5838
2018-11-30 19:58:13,932 INFO reaped unknown pid 5841
2018-11-30 19:58:13,936 INFO reaped unknown pid 5844
2018-11-30 19:58:13,942 INFO reaped unknown pid 5847
2018-11-30 19:58:13,949 INFO reaped unknown pid 5850
2018-11-30 19:58:13,957 INFO reaped unknown pid 5853
2018-11-30 19:58:13,965 INFO reaped unknown pid 5856
2018-11-30 19:58:13,973 INFO reaped unknown pid 5859
2018-11-30 19:58:13,979 INFO reaped unknown pid 5862
2018-11-30 19:58:13,984 INFO reaped unknown pid 5865
2018-11-30 19:58:13,993 INFO reaped unknown pid 5868
2018-11-30 19:58:14,001 INFO reaped unknown pid 5871
2018-11-30 19:58:14,008 INFO reaped unknown pid 5874
2018-11-30 19:58:14,017 INFO reaped unknown pid 5877
2018-11-30 19:58:14,025 INFO reaped unknown pid 5880
2018-11-30 19:58:14,036 INFO reaped unknown pid 5883
2018-11-30 19:58:14,043 INFO reaped unknown pid 5886
2018-11-30 19:58:14,051 INFO reaped unknown pid 5889
2018-11-30 19:58:14,066 INFO reaped unknown pid 5892
2018-11-30 19:58:14,073 INFO reaped unknown pid 5895
2018-11-30 19:58:14,079 INFO reaped unknown pid 5898
2018-11-30 19:58:14,087 INFO reaped unknown pid 5901
2018-11-30 19:58:14,095 INFO reaped unknown pid 5904
2018-11-30 19:58:14,103 INFO reaped unknown pid 5907
2018-11-30 19:58:14,107 INFO reaped unknown pid 5910
2018-11-30 19:58:14,115 INFO reaped unknown pid 5913
2018-11-30 19:58:14,125 INFO reaped unknown pid 5916
2018-11-30 19:58:14,132 INFO reaped unknown pid 5919
2018-11-30 19:58:14,142 INFO reaped unknown pid 5922
2018-11-30 19:58:14,145 INFO reaped unknown pid 5925
2018-11-30 19:58:14,155 INFO reaped unknown pid 5928
2018-11-30 19:58:14,161 INFO reaped unknown pid 5931
2018-11-30 19:58:14,168 INFO reaped unknown pid 5934
2018-11-30 19:58:14,174 INFO reaped unknown pid 5937
2018-11-30 19:58:14,179 INFO reaped unknown pid 5940
2018-11-30 19:58:14,186 INFO reaped unknown pid 5943
2018-11-30 19:58:14,194 INFO reaped unknown pid 5946
2018-11-30 19:58:14,204 INFO reaped unknown pid 5949
2018-11-30 19:58:14,214 INFO reaped unknown pid 5952
2018-11-30 19:58:14,225 INFO reaped unknown pid 5955
2018-11-30 19:58:14,233 INFO reaped unknown pid 5958
2018-11-30 19:58:14,239 INFO reaped unknown pid 5961
2018-11-30 19:58:14,246 INFO reaped unknown pid 5964
2018-11-30 19:58:14,256 INFO reaped unknown pid 5967
2018-11-30 19:58:14,261 INFO reaped unknown pid 5970
2018-11-30 19:58:14,270 INFO reaped unknown pid 5973
2018-11-30 19:58:14,275 INFO reaped unknown pid 5976
2018-11-30 19:58:14,281 INFO reaped unknown pid 5979
2018-11-30 19:58:14,292 INFO reaped unknown pid 5982
2018-11-30 19:58:14,300 INFO reaped unknown pid 5985
2018-11-30 19:58:14,308 INFO reaped unknown pid 5988
2018-11-30 19:58:14,315 INFO reaped unknown pid 5991
2018-11-30 19:58:14,326 INFO reaped unknown pid 5994
2018-11-30 19:58:14,334 INFO reaped unknown pid 5997
2018-11-30 19:58:14,339 INFO reaped unknown pid 6000
2018-11-30 19:58:14,348 INFO reaped unknown pid 6003
2018-11-30 19:58:14,361 INFO reaped unknown pid 6006
2018-11-30 19:58:14,370 INFO reaped unknown pid 6009
2018-11-30 19:58:14,375 INFO reaped unknown pid 6012
2018-11-30 19:58:14,384 INFO reaped unknown pid 6015
2018-11-30 19:58:14,394 INFO reaped unknown pid 6018
2018-11-30 19:58:14,404 INFO reaped unknown pid 6021
2018-11-30 19:58:14,410 INFO reaped unknown pid 6024
2018-11-30 19:58:14,420 INFO reaped unknown pid 6027
2018-11-30 19:58:14,434 INFO reaped unknown pid 6030
2018-11-30 19:58:14,444 INFO reaped unknown pid 6033
2018-11-30 19:58:14,451 INFO reaped unknown pid 6036
2018-11-30 19:58:14,462 INFO reaped unknown pid 6039
2018-11-30 19:58:14,471 INFO reaped unknown pid 6042
2018-11-30 19:58:14,475 INFO reaped unknown pid 6045
2018-11-30 19:58:14,484 INFO reaped unknown pid 6048
2018-11-30 19:58:14,495 INFO reaped unknown pid 6051
2018-11-30 19:58:14,504 INFO reaped unknown pid 6054
2018-11-30 19:58:14,511 INFO reaped unknown pid 6057
2018-11-30 19:58:14,523 INFO reaped unknown pid 6060
2018-11-30 19:58:14,535 INFO reaped unknown pid 6063
2018-11-30 19:58:14,541 INFO reaped unknown pid 6066
2018-11-30 19:58:14,551 INFO reaped unknown pid 6069
2018-11-30 19:58:14,564 INFO reaped unknown pid 6072
2018-11-30 19:58:14,575 INFO reaped unknown pid 6075
2018-11-30 19:58:14,578 INFO reaped unknown pid 6078
2018-11-30 19:58:14,587 INFO reaped unknown pid 6081
2018-11-30 19:58:14,601 INFO reaped unknown pid 6084
2018-11-30 19:58:14,608 INFO reaped unknown pid 6087
2018-11-30 19:58:14,616 INFO reaped unknown pid 6090
2018-11-30 19:58:14,625 INFO reaped unknown pid 6093
2018-11-30 19:58:14,636 INFO reaped unknown pid 6096
2018-11-30 19:58:14,641 INFO reaped unknown pid 6099
2018-11-30 19:58:14,652 INFO reaped unknown pid 6102
2018-11-30 19:58:14,665 INFO reaped unknown pid 6105
2018-11-30 19:58:14,670 INFO reaped unknown pid 6108
2018-11-30 19:58:14,675 INFO reaped unknown pid 6111
2018-11-30 19:58:14,689 INFO reaped unknown pid 6114
2018-11-30 19:58:14,695 INFO reaped unknown pid 6117
2018-11-30 19:58:14,706 INFO reaped unknown pid 6120
2018-11-30 19:58:14,716 INFO reaped unknown pid 6123
2018-11-30 19:58:14,731 INFO reaped unknown pid 6126
2018-11-30 19:58:14,764 INFO reaped unknown pid 6129
2018-11-30 19:58:14,771 INFO reaped unknown pid 6132
2018-11-30 19:58:14,782 INFO reaped unknown pid 6135
2018-11-30 19:58:14,787 INFO reaped unknown pid 6138
2018-11-30 19:58:14,796 INFO reaped unknown pid 6141
2018-11-30 19:58:14,817 INFO reaped unknown pid 6144
2018-11-30 19:58:14,836 INFO reaped unknown pid 6148
2018-11-30 19:58:14,849 INFO reaped unknown pid 6152
2018-11-30 19:58:14,855 INFO reaped unknown pid 6155
2018-11-30 19:58:14,861 INFO reaped unknown pid 6158
2018-11-30 19:58:14,866 INFO reaped unknown pid 6161
2018-11-30 19:58:14,871 INFO reaped unknown pid 6164
2018-11-30 19:58:14,879 INFO reaped unknown pid 6167
2018-11-30 19:58:14,884 INFO reaped unknown pid 6170
2018-11-30 19:58:14,889 INFO reaped unknown pid 6173
2018-11-30 19:58:14,895 INFO reaped unknown pid 6176
2018-11-30 19:58:14,901 INFO reaped unknown pid 6179
2018-11-30 19:58:14,911 INFO reaped unknown pid 6182
2018-11-30 19:58:14,918 INFO reaped unknown pid 6185
2018-11-30 19:58:14,923 INFO reaped unknown pid 6188
2018-11-30 19:58:14,931 INFO reaped unknown pid 6191
2018-11-30 19:58:14,938 INFO reaped unknown pid 6194
2018-11-30 19:58:14,944 INFO reaped unknown pid 6197
2018-11-30 19:58:14,950 INFO reaped unknown pid 6200
2018-11-30 19:58:14,955 INFO reaped unknown pid 6203
2018-11-30 19:58:14,961 INFO reaped unknown pid 6206
2018-11-30 19:58:14,968 INFO reaped unknown pid 6209
2018-11-30 19:58:14,976 INFO reaped unknown pid 6212
2018-11-30 19:58:14,981 INFO reaped unknown pid 6215
2018-11-30 19:58:14,986 INFO reaped unknown pid 6218
2018-11-30 19:58:14,994 INFO reaped unknown pid 6221
2018-11-30 19:58:14,999 INFO reaped unknown pid 6224
2018-11-30 19:58:15,005 INFO reaped unknown pid 6227
2018-11-30 19:58:15,013 INFO reaped unknown pid 6230
2018-11-30 19:58:15,020 INFO reaped unknown pid 6233
2018-11-30 19:58:15,025 INFO reaped unknown pid 6236
2018-11-30 19:58:15,031 INFO reaped unknown pid 6239
2018-11-30 19:58:15,038 INFO reaped unknown pid 6242
2018-11-30 19:58:15,044 INFO reaped unknown pid 6245
2018-11-30 19:58:15,050 INFO reaped unknown pid 6248
2018-11-30 19:58:15,056 INFO reaped unknown pid 6251
2018-11-30 19:58:15,063 INFO reaped unknown pid 6254
2018-11-30 19:58:15,069 INFO reaped unknown pid 6257
2018-11-30 19:58:15,078 INFO reaped unknown pid 6260
2018-11-30 19:58:15,084 INFO reaped unknown pid 6263
2018-11-30 19:58:15,092 INFO reaped unknown pid 6266
2018-11-30 19:58:15,097 INFO reaped unknown pid 6269
2018-11-30 19:58:15,106 INFO reaped unknown pid 6272
2018-11-30 19:58:15,112 INFO reaped unknown pid 6275
2018-11-30 19:58:15,117 INFO reaped unknown pid 6278
2018-11-30 19:58:15,126 INFO reaped unknown pid 6281
2018-11-30 19:58:15,130 INFO reaped unknown pid 6284
2018-11-30 19:58:15,136 INFO reaped unknown pid 6287
2018-11-30 19:58:15,143 INFO reaped unknown pid 6290
2018-11-30 19:58:15,154 INFO reaped unknown pid 6295
2018-11-30 19:58:15,160 INFO reaped unknown pid 6298
2018-11-30 19:58:15,169 INFO reaped unknown pid 6301
2018-11-30 19:58:15,172 INFO reaped unknown pid 6304
2018-11-30 19:58:15,179 INFO reaped unknown pid 6307
2018-11-30 19:58:15,185 INFO reaped unknown pid 6310
2018-11-30 19:58:15,191 INFO reaped unknown pid 6313
2018-11-30 19:58:15,198 INFO reaped unknown pid 6316
2018-11-30 19:58:15,202 INFO reaped unknown pid 6319
2018-11-30 19:58:15,209 INFO reaped unknown pid 6322
2018-11-30 19:58:15,215 INFO reaped unknown pid 6325
2018-11-30 19:58:15,219 INFO reaped unknown pid 6328
2018-11-30 19:58:15,226 INFO reaped unknown pid 6331
2018-11-30 19:58:15,234 INFO reaped unknown pid 6334
2018-11-30 19:58:15,239 INFO reaped unknown pid 6337
2018-11-30 19:58:15,245 INFO reaped unknown pid 6340
2018-11-30 19:58:15,251 INFO reaped unknown pid 6343
2018-11-30 19:58:15,258 INFO reaped unknown pid 6346
2018-11-30 19:58:15,264 INFO reaped unknown pid 6349
2018-11-30 19:58:15,269 INFO reaped unknown pid 6352
2018-11-30 19:58:15,274 INFO reaped unknown pid 6355
2018-11-30 19:58:15,282 INFO reaped unknown pid 6358
2018-11-30 19:58:15,288 INFO reaped unknown pid 6361
2018-11-30 19:58:15,294 INFO reaped unknown pid 6364
2018-11-30 19:58:15,300 INFO reaped unknown pid 6367
2018-11-30 19:58:15,305 INFO reaped unknown pid 6370
2018-11-30 19:58:15,311 INFO reaped unknown pid 6373
2018-11-30 19:58:15,319 INFO reaped unknown pid 6376
2018-11-30 19:58:15,324 INFO reaped unknown pid 6379
2018-11-30 19:58:15,331 INFO reaped unknown pid 6382
2018-11-30 19:58:15,336 INFO reaped unknown pid 6385
2018-11-30 19:58:15,344 INFO reaped unknown pid 6388
2018-11-30 19:58:15,351 INFO reaped unknown pid 6391
2018-11-30 19:58:15,358 INFO reaped unknown pid 6394
2018-11-30 19:58:15,366 INFO reaped unknown pid 6397
2018-11-30 19:58:15,370 INFO reaped unknown pid 6400
2018-11-30 19:58:15,376 INFO reaped unknown pid 6403
2018-11-30 19:58:15,380 INFO reaped unknown pid 6406
2018-11-30 19:58:15,386 INFO reaped unknown pid 6409
2018-11-30 19:58:15,392 INFO reaped unknown pid 6412
2018-11-30 19:58:15,400 INFO reaped unknown pid 6415
2018-11-30 19:58:15,404 INFO reaped unknown pid 6418
2018-11-30 19:58:15,410 INFO reaped unknown pid 6421
2018-11-30 19:58:15,416 INFO reaped unknown pid 6424
2018-11-30 19:58:15,423 INFO reaped unknown pid 6427
2018-11-30 19:58:15,428 INFO reaped unknown pid 6430
2018-11-30 19:58:15,435 INFO reaped unknown pid 6433
2018-11-30 19:58:15,441 INFO reaped unknown pid 6436
2018-11-30 19:58:15,447 INFO reaped unknown pid 6439
2018-11-30 19:58:15,453 INFO reaped unknown pid 6442
2018-11-30 19:58:15,459 INFO reaped unknown pid 6445
2018-11-30 19:58:15,465 INFO reaped unknown pid 6448
2018-11-30 19:58:15,471 INFO reaped unknown pid 6451
2018-11-30 19:58:15,479 INFO reaped unknown pid 6454
2018-11-30 19:58:15,484 INFO reaped unknown pid 6457
2018-11-30 19:58:15,490 INFO reaped unknown pid 6460
2018-11-30 19:58:15,495 INFO reaped unknown pid 6463
2018-11-30 19:58:15,501 INFO reaped unknown pid 6466
2018-11-30 19:58:15,507 INFO reaped unknown pid 6469
2018-11-30 19:58:15,513 INFO reaped unknown pid 6472
2018-11-30 19:58:15,518 INFO reaped unknown pid 6475
2018-11-30 19:58:15,526 INFO reaped unknown pid 6478
2018-11-30 19:58:15,532 INFO reaped unknown pid 6481
2018-11-30 19:58:15,538 INFO reaped unknown pid 6484
2018-11-30 19:58:15,544 INFO reaped unknown pid 6487
2018-11-30 19:58:15,549 INFO reaped unknown pid 6490
2018-11-30 19:58:15,555 INFO reaped unknown pid 6493
2018-11-30 19:58:15,561 INFO reaped unknown pid 6496
2018-11-30 19:58:15,566 INFO reaped unknown pid 6499
2018-11-30 19:58:15,572 INFO reaped unknown pid 6502
2018-11-30 19:58:15,578 INFO reaped unknown pid 6505
2018-11-30 19:58:15,584 INFO reaped unknown pid 6508
2018-11-30 19:58:15,591 INFO reaped unknown pid 6511
2018-11-30 19:58:15,598 INFO reaped unknown pid 6514
2018-11-30 19:58:15,604 INFO reaped unknown pid 6517
2018-11-30 19:58:15,611 INFO reaped unknown pid 6520
2018-11-30 19:58:15,616 INFO reaped unknown pid 6523
2018-11-30 19:58:15,623 INFO reaped unknown pid 6526
2018-11-30 19:58:15,628 INFO reaped unknown pid 6529
2018-11-30 19:58:15,633 INFO reaped unknown pid 6532
2018-11-30 19:58:15,641 INFO reaped unknown pid 6535
2018-11-30 19:58:15,647 INFO reaped unknown pid 6538
2018-11-30 19:58:15,653 INFO reaped unknown pid 6541
2018-11-30 19:58:15,658 INFO reaped unknown pid 6544
2018-11-30 19:58:15,666 INFO reaped unknown pid 6547
2018-11-30 19:58:15,671 INFO reaped unknown pid 6550
2018-11-30 19:58:15,678 INFO reaped unknown pid 6553
2018-11-30 19:58:15,684 INFO reaped unknown pid 6556
2018-11-30 19:58:15,689 INFO reaped unknown pid 6559
2018-11-30 19:58:15,696 INFO reaped unknown pid 6562
2018-11-30 19:58:15,702 INFO reaped unknown pid 6565
2018-11-30 19:58:15,707 INFO reaped unknown pid 6568
2018-11-30 19:58:15,715 INFO reaped unknown pid 6571
2018-11-30 19:58:15,719 INFO reaped unknown pid 6574
2018-11-30 19:58:15,730 INFO reaped unknown pid 6577
2018-11-30 19:58:15,737 INFO reaped unknown pid 6580
2018-11-30 19:58:15,743 INFO reaped unknown pid 6583
2018-11-30 19:58:15,748 INFO reaped unknown pid 6586
2018-11-30 19:58:15,754 INFO reaped unknown pid 6589
2018-11-30 19:58:15,761 INFO reaped unknown pid 6592
2018-11-30 19:58:15,769 INFO reaped unknown pid 6595
2018-11-30 19:58:15,783 INFO reaped unknown pid 6598
2018-11-30 19:58:15,789 INFO reaped unknown pid 6601
2018-11-30 19:58:15,795 INFO reaped unknown pid 6604
2018-11-30 19:58:15,808 INFO reaped unknown pid 6607
2018-11-30 19:58:15,818 INFO reaped unknown pid 6610
2018-11-30 19:58:15,826 INFO reaped unknown pid 6613
2018-11-30 19:58:15,840 INFO reaped unknown pid 6616
2018-11-30 19:58:15,849 INFO reaped unknown pid 6619
2018-11-30 19:58:15,856 INFO reaped unknown pid 6622
2018-11-30 19:58:15,862 INFO reaped unknown pid 6625
2018-11-30 19:58:15,868 INFO reaped unknown pid 6628
2018-11-30 19:58:15,881 INFO reaped unknown pid 6631
2018-11-30 19:58:15,887 INFO reaped unknown pid 6634
2018-11-30 19:58:15,892 INFO reaped unknown pid 6637
2018-11-30 19:58:15,899 INFO reaped unknown pid 6640
2018-11-30 19:58:15,905 INFO reaped unknown pid 6643
2018-11-30 19:58:15,915 INFO reaped unknown pid 6646
2018-11-30 19:58:15,921 INFO reaped unknown pid 6649
2018-11-30 19:58:15,927 INFO reaped unknown pid 6652
2018-11-30 19:58:15,934 INFO reaped unknown pid 6655
2018-11-30 19:58:15,941 INFO reaped unknown pid 6658
2018-11-30 19:58:15,948 INFO reaped unknown pid 6661
2018-11-30 19:58:15,953 INFO reaped unknown pid 6664
2018-11-30 19:58:15,959 INFO reaped unknown pid 6667
2018-11-30 19:58:15,965 INFO reaped unknown pid 6670
2018-11-30 19:58:15,971 INFO reaped unknown pid 6673
2018-11-30 19:58:15,977 INFO reaped unknown pid 6676
2018-11-30 19:58:15,983 INFO reaped unknown pid 6679
2018-11-30 19:58:15,990 INFO reaped unknown pid 6682
2018-11-30 19:58:15,996 INFO reaped unknown pid 6685
2018-11-30 19:58:16,005 INFO reaped unknown pid 6688
2018-11-30 19:58:16,016 INFO reaped unknown pid 6691
2018-11-30 19:58:16,022 INFO reaped unknown pid 6694
2018-11-30 19:58:16,029 INFO reaped unknown pid 6697
2018-11-30 19:58:16,039 INFO reaped unknown pid 6700
2018-11-30 19:58:16,050 INFO reaped unknown pid 6703
2018-11-30 19:58:16,056 INFO reaped unknown pid 6706
2018-11-30 19:58:16,063 INFO reaped unknown pid 6709
2018-11-30 19:58:16,071 INFO reaped unknown pid 6712
2018-11-30 19:58:16,077 INFO reaped unknown pid 6715
2018-11-30 19:58:16,084 INFO reaped unknown pid 6718
2018-11-30 19:58:16,091 INFO reaped unknown pid 6721
2018-11-30 19:58:16,095 INFO reaped unknown pid 6724
2018-11-30 19:58:16,103 INFO reaped unknown pid 6727
2018-11-30 19:58:16,110 INFO reaped unknown pid 6730
2018-11-30 19:58:16,117 INFO reaped unknown pid 6733
2018-11-30 19:58:16,123 INFO reaped unknown pid 6736
2018-11-30 19:58:16,129 INFO reaped unknown pid 6739
2018-11-30 19:58:16,135 INFO reaped unknown pid 6742
2018-11-30 19:58:16,141 INFO reaped unknown pid 6745
2018-11-30 19:58:16,149 INFO reaped unknown pid 6748
2018-11-30 19:58:16,154 INFO reaped unknown pid 6751
2018-11-30 19:58:16,161 INFO reaped unknown pid 6754
2018-11-30 19:58:16,167 INFO reaped unknown pid 6757
2018-11-30 19:58:16,173 INFO reaped unknown pid 6760
2018-11-30 19:58:16,180 INFO reaped unknown pid 6763
2018-11-30 19:58:16,185 INFO reaped unknown pid 6766
2018-11-30 19:58:16,192 INFO reaped unknown pid 6769
2018-11-30 19:58:16,197 INFO reaped unknown pid 6772
2018-11-30 19:58:16,203 INFO reaped unknown pid 6775
2018-11-30 19:58:16,210 INFO reaped unknown pid 6778
2018-11-30 19:58:16,215 INFO reaped unknown pid 6781
2018-11-30 19:58:16,220 INFO reaped unknown pid 6784
2018-11-30 19:58:16,226 INFO reaped unknown pid 6787
2018-11-30 19:58:16,232 INFO reaped unknown pid 6790
2018-11-30 19:58:16,238 INFO reaped unknown pid 6793
2018-11-30 19:58:16,244 INFO reaped unknown pid 6796
2018-11-30 19:58:16,248 INFO reaped unknown pid 6799
2018-11-30 19:58:16,255 INFO reaped unknown pid 6802
2018-11-30 19:58:16,261 INFO reaped unknown pid 6805
2018-11-30 19:58:16,266 INFO reaped unknown pid 6808
2018-11-30 19:58:16,274 INFO reaped unknown pid 6811
2018-11-30 19:58:16,279 INFO reaped unknown pid 6814
2018-11-30 19:58:16,285 INFO reaped unknown pid 6817
2018-11-30 19:58:16,293 INFO reaped unknown pid 6820
2018-11-30 19:58:16,299 INFO reaped unknown pid 6823
2018-11-30 19:58:16,305 INFO reaped unknown pid 6826
2018-11-30 19:58:16,311 INFO reaped unknown pid 6829
2018-11-30 19:58:16,315 INFO reaped unknown pid 6832
2018-11-30 19:58:16,323 INFO reaped unknown pid 6835
2018-11-30 19:58:16,328 INFO reaped unknown pid 6838
2018-11-30 19:58:16,335 INFO reaped unknown pid 6841
2018-11-30 19:58:16,341 INFO reaped unknown pid 6844
2018-11-30 19:58:16,347 INFO reaped unknown pid 6847
2018-11-30 19:58:16,353 INFO reaped unknown pid 6850
2018-11-30 19:58:16,359 INFO reaped unknown pid 6853
2018-11-30 19:58:16,365 INFO reaped unknown pid 6856
2018-11-30 19:58:16,372 INFO reaped unknown pid 6859
2018-11-30 19:58:16,379 INFO reaped unknown pid 6862
2018-11-30 19:58:16,385 INFO reaped unknown pid 6865
2018-11-30 19:58:16,391 INFO reaped unknown pid 6868
2018-11-30 19:58:16,397 INFO reaped unknown pid 6871
2018-11-30 19:58:16,403 INFO reaped unknown pid 6874
2018-11-30 19:58:16,409 INFO reaped unknown pid 6877
2018-11-30 19:58:16,414 INFO reaped unknown pid 6880
2018-11-30 19:58:16,420 INFO reaped unknown pid 6883
2018-11-30 19:58:16,427 INFO reaped unknown pid 6886
2018-11-30 19:58:16,432 INFO reaped unknown pid 6889
2018-11-30 19:58:16,439 INFO reaped unknown pid 6892
2018-11-30 19:58:16,445 INFO reaped unknown pid 6895
2018-11-30 19:58:16,451 INFO reaped unknown pid 6898
2018-11-30 19:58:16,458 INFO reaped unknown pid 6901
2018-11-30 19:58:16,463 INFO reaped unknown pid 6904
2018-11-30 19:58:16,470 INFO reaped unknown pid 6907
2018-11-30 19:58:16,477 INFO reaped unknown pid 6910
2018-11-30 19:58:16,482 INFO reaped unknown pid 6913
2018-11-30 19:58:16,489 INFO reaped unknown pid 6916
2018-11-30 19:58:16,494 INFO reaped unknown pid 6919
2018-11-30 19:58:16,500 INFO reaped unknown pid 6922
2018-11-30 19:58:16,506 INFO reaped unknown pid 6925
2018-11-30 19:58:16,512 INFO reaped unknown pid 6928
2018-11-30 19:58:16,519 INFO reaped unknown pid 6931
2018-11-30 19:58:16,525 INFO reaped unknown pid 6934
2018-11-30 19:58:16,531 INFO reaped unknown pid 6937
2018-11-30 19:58:16,539 INFO reaped unknown pid 6940
2018-11-30 19:58:16,545 INFO reaped unknown pid 6943
2018-11-30 19:58:16,553 INFO reaped unknown pid 6946
2018-11-30 19:58:16,558 INFO reaped unknown pid 6949
2018-11-30 19:58:16,564 INFO reaped unknown pid 6952
2018-11-30 19:58:16,569 INFO reaped unknown pid 6955
2018-11-30 19:58:16,575 INFO reaped unknown pid 6958
2018-11-30 19:58:16,581 INFO reaped unknown pid 6961
2018-11-30 19:58:16,586 INFO reaped unknown pid 6964
2018-11-30 19:58:16,593 INFO reaped unknown pid 6967
2018-11-30 19:58:16,598 INFO reaped unknown pid 6970
2018-11-30 19:58:16,605 INFO reaped unknown pid 6973
2018-11-30 19:58:16,611 INFO reaped unknown pid 6976
2018-11-30 19:58:16,617 INFO reaped unknown pid 6979
2018-11-30 19:58:16,623 INFO reaped unknown pid 6982
2018-11-30 19:58:16,630 INFO reaped unknown pid 6985
2018-11-30 19:58:16,637 INFO reaped unknown pid 6988
2018-11-30 19:58:16,643 INFO reaped unknown pid 6991
2018-11-30 19:58:16,649 INFO reaped unknown pid 6994
2018-11-30 19:58:16,660 INFO reaped unknown pid 6997
2018-11-30 19:58:16,674 INFO reaped unknown pid 7000
2018-11-30 19:58:16,680 INFO reaped unknown pid 7003
2018-11-30 19:58:16,688 INFO reaped unknown pid 7006
2018-11-30 19:58:16,695 INFO reaped unknown pid 7009
2018-11-30 19:58:16,700 INFO reaped unknown pid 7012
2018-11-30 19:58:16,706 INFO reaped unknown pid 7015
2018-11-30 19:58:16,714 INFO reaped unknown pid 7018
2018-11-30 19:58:16,720 INFO reaped unknown pid 7021
2018-11-30 19:58:16,725 INFO reaped unknown pid 7024
2018-11-30 19:58:16,735 INFO reaped unknown pid 7027
2018-11-30 19:58:16,744 INFO reaped unknown pid 7030
2018-11-30 19:58:16,749 INFO reaped unknown pid 7033
2018-11-30 19:58:16,754 INFO reaped unknown pid 7036
2018-11-30 19:58:16,765 INFO reaped unknown pid 7039
2018-11-30 19:58:16,770 INFO reaped unknown pid 7042
2018-11-30 19:58:16,777 INFO reaped unknown pid 7045
2018-11-30 19:58:16,783 INFO reaped unknown pid 7048
2018-11-30 19:58:16,791 INFO reaped unknown pid 7051
2018-11-30 19:58:16,797 INFO reaped unknown pid 7054
2018-11-30 19:58:16,804 INFO reaped unknown pid 7057
2018-11-30 19:58:16,810 INFO reaped unknown pid 7060
2018-11-30 19:58:16,817 INFO reaped unknown pid 7063
2018-11-30 19:58:16,822 INFO reaped unknown pid 7066
2018-11-30 19:58:16,828 INFO reaped unknown pid 7069
2018-11-30 19:58:16,834 INFO reaped unknown pid 7072
2018-11-30 19:58:16,843 INFO reaped unknown pid 7075
2018-11-30 19:58:16,848 INFO reaped unknown pid 7078
2018-11-30 19:58:16,854 INFO reaped unknown pid 7081
2018-11-30 19:58:16,860 INFO reaped unknown pid 7084
2018-11-30 19:58:16,866 INFO reaped unknown pid 7087
2018-11-30 19:58:16,874 INFO reaped unknown pid 7090
2018-11-30 19:58:16,880 INFO reaped unknown pid 7093
2018-11-30 19:58:16,888 INFO reaped unknown pid 7096
2018-11-30 19:58:16,895 INFO reaped unknown pid 7099
2018-11-30 19:58:16,902 INFO reaped unknown pid 7102
2018-11-30 19:58:16,908 INFO reaped unknown pid 7105
2018-11-30 19:58:16,913 INFO reaped unknown pid 7108
2018-11-30 19:58:16,920 INFO reaped unknown pid 7111
2018-11-30 19:58:16,927 INFO reaped unknown pid 7114
2018-11-30 19:58:16,933 INFO reaped unknown pid 7117
2018-11-30 19:58:16,940 INFO reaped unknown pid 7120
2018-11-30 19:58:16,946 INFO reaped unknown pid 7123
2018-11-30 19:58:16,954 INFO reaped unknown pid 7126
2018-11-30 19:58:16,959 INFO reaped unknown pid 7129
2018-11-30 19:58:16,965 INFO reaped unknown pid 7132
2018-11-30 19:58:16,970 INFO reaped unknown pid 7135
2018-11-30 19:58:16,977 INFO reaped unknown pid 7138
2018-11-30 19:58:16,984 INFO reaped unknown pid 7141
2018-11-30 19:58:16,991 INFO reaped unknown pid 7144
2018-11-30 19:58:16,996 INFO reaped unknown pid 7147
2018-11-30 19:58:17,003 INFO reaped unknown pid 7150
2018-11-30 19:58:17,010 INFO reaped unknown pid 7153
2018-11-30 19:58:17,017 INFO reaped unknown pid 7156
2018-11-30 19:58:17,024 INFO reaped unknown pid 7159
2018-11-30 19:58:17,030 INFO reaped unknown pid 7162
2018-11-30 19:58:17,035 INFO reaped unknown pid 7165
2018-11-30 19:58:17,042 INFO reaped unknown pid 7168
2018-11-30 19:58:17,048 INFO reaped unknown pid 7171
2018-11-30 19:58:17,055 INFO reaped unknown pid 7174
2018-11-30 19:58:17,061 INFO reaped unknown pid 7177
2018-11-30 19:58:17,067 INFO reaped unknown pid 7180
2018-11-30 19:58:17,075 INFO reaped unknown pid 7183
2018-11-30 19:58:17,080 INFO reaped unknown pid 7186
2018-11-30 19:58:17,086 INFO reaped unknown pid 7189
2018-11-30 19:58:17,093 INFO reaped unknown pid 7192
2018-11-30 19:58:17,100 INFO reaped unknown pid 7195
2018-11-30 19:58:17,108 INFO reaped unknown pid 7198
2018-11-30 19:58:17,114 INFO reaped unknown pid 7201
2018-11-30 19:58:17,120 INFO reaped unknown pid 7204
2018-11-30 19:58:17,125 INFO reaped unknown pid 7207
2018-11-30 19:58:17,131 INFO reaped unknown pid 7210
2018-11-30 19:58:17,138 INFO reaped unknown pid 7213
2018-11-30 19:58:17,144 INFO reaped unknown pid 7216
2018-11-30 19:58:17,150 INFO reaped unknown pid 7219
2018-11-30 19:58:17,156 INFO reaped unknown pid 7222
2018-11-30 19:58:17,163 INFO reaped unknown pid 7225
2018-11-30 19:58:17,168 INFO reaped unknown pid 7228
2018-11-30 19:58:17,175 INFO reaped unknown pid 7231
2018-11-30 19:58:17,183 INFO reaped unknown pid 7234
2018-11-30 19:58:17,189 INFO reaped unknown pid 7237
2018-11-30 19:58:17,195 INFO reaped unknown pid 7240
2018-11-30 19:58:17,202 INFO reaped unknown pid 7243
2018-11-30 19:58:17,209 INFO reaped unknown pid 7246
2018-11-30 19:58:17,215 INFO reaped unknown pid 7249
2018-11-30 19:58:17,221 INFO reaped unknown pid 7252
2018-11-30 19:58:17,227 INFO reaped unknown pid 7255
2018-11-30 19:58:17,233 INFO reaped unknown pid 7258
2018-11-30 19:58:17,242 INFO reaped unknown pid 7261
2018-11-30 19:58:17,248 INFO reaped unknown pid 7264
2018-11-30 19:58:17,254 INFO reaped unknown pid 7267
2018-11-30 19:58:17,260 INFO reaped unknown pid 7270
2018-11-30 19:58:17,267 INFO reaped unknown pid 7273
2018-11-30 19:58:17,273 INFO reaped unknown pid 7276
2018-11-30 19:58:17,278 INFO reaped unknown pid 7279
2018-11-30 19:58:17,285 INFO reaped unknown pid 7282
2018-11-30 19:58:17,293 INFO reaped unknown pid 7285
2018-11-30 19:58:17,301 INFO reaped unknown pid 7288
2018-11-30 19:58:17,308 INFO reaped unknown pid 7291
2018-11-30 19:58:17,314 INFO reaped unknown pid 7294
2018-11-30 19:58:17,322 INFO reaped unknown pid 7297
2018-11-30 19:58:17,328 INFO reaped unknown pid 7300
2018-11-30 19:58:17,334 INFO reaped unknown pid 7303
2018-11-30 19:58:17,340 INFO reaped unknown pid 7306
2018-11-30 19:58:17,347 INFO reaped unknown pid 7309
2018-11-30 19:58:17,353 INFO reaped unknown pid 7312
2018-11-30 19:58:17,359 INFO reaped unknown pid 7315
2018-11-30 19:58:17,365 INFO reaped unknown pid 7318
2018-11-30 19:58:17,373 INFO reaped unknown pid 7321
2018-11-30 19:58:17,378 INFO reaped unknown pid 7324
2018-11-30 19:58:17,384 INFO reaped unknown pid 7327
2018-11-30 19:58:17,391 INFO reaped unknown pid 7330
2018-11-30 19:58:17,398 INFO reaped unknown pid 7333
2018-11-30 19:58:17,403 INFO reaped unknown pid 7336
